<?xml version="1.0" encoding="UTF-8"?>
<testsuite xmlns:xsi="http://www.w3.org/2001/XMLSchema-instance" xsi:noNamespaceSchemaLocation="https://maven.apache.org/surefire/maven-surefire-plugin/xsd/surefire-test-report-3.0.xsd" version="3.0" name="io.crnk.spring.app.CrnkCoreAutoConfigurationTest" time="1.123" tests="1" errors="0" skipped="0" failures="0">
  <properties>
[...]
</properties>
  <testcase name="checkProperties" classname="io.crnk.spring.app.CrnkCoreAutoConfigurationTest" time="1.109">
    <system-out><![CDATA[Standard Commons Logging discovery in action with spring-jcl: please remove commons-logging.jar from classpath in order to avoid potential conflicts
09:34:35.735 INFO  [           main] [    io.crnk.core.boot.CrnkBoot] crnk initialized: numResources=0, usedModules=[jackson, servlet, spring.exception], securityProviders=[ServletSecurityProvider], pagingBehaviors=[OffsetLimitPagingBehavior], urlMapper=DefaultQuerySpecUrlMapper, serviceDiscovery=SpringServiceDiscovery
]]></system-out>
  </testcase>
</testsuite>